The target system is: Linux - 1 - 
The host system is: Linux - 4.4.0-131-generic - x86_64
Compiling the C compiler identification source file "CMakeCCompilerId.c" succeeded.
Compiler: /home/vincent/code/test_code/camport3_soc/toolchain/gcc-linaro-arm-linux-gnueabihf-4.7-2013.04-20130415_linux/bin/arm-linux-gnueabihf-gcc 
Build flags: 
Id flags: 

The output was:
0


Compilation of the C compiler identification source "CMakeCCompilerId.c" produced "a.out"

The C compiler identification is GNU, found in "/home/vincent/code/test_code/camport3_soc/sample/build/CMakeFiles/2.8.12.2/CompilerIdC/a.out"

Compiling the CXX compiler identification source file "CMakeCXXCompilerId.cpp" succeeded.
Compiler: /home/vincent/code/test_code/camport3_soc/toolchain/gcc-linaro-arm-linux-gnueabihf-4.7-2013.04-20130415_linux/bin/arm-linux-gnueabihf-g++ 
Build flags: 
Id flags: 

The output was:
0


Compilation of the CXX compiler identification source "CMakeCXXCompilerId.cpp" produced "a.out"

The CXX compiler identification is GNU, found in "/home/vincent/code/test_code/camport3_soc/sample/build/CMakeFiles/2.8.12.2/CompilerIdCXX/a.out"

Determining if the C compiler works passed with the following output:
Change Dir: /home/vincent/code/test_code/camport3_soc/sample/build/CMakeFiles/CMakeTmp

Run Build Command:/usr/bin/make "cmTryCompileExec878541834/fast"
/usr/bin/make -f CMakeFiles/cmTryCompileExec878541834.dir/build.make CMakeFiles/cmTryCompileExec878541834.dir/build
make[1]: Entering directory `/home/vincent/code/test_code/camport3_soc/sample/build/CMakeFiles/CMakeTmp'
/usr/bin/cmake -E cmake_progress_report /home/vincent/code/test_code/camport3_soc/sample/build/CMakeFiles/CMakeTmp/CMakeFiles 1
Building C object CMakeFiles/cmTryCompileExec878541834.dir/testCCompiler.c.o
/home/vincent/code/test_code/camport3_soc/toolchain/gcc-linaro-arm-linux-gnueabihf-4.7-2013.04-20130415_linux/bin/arm-linux-gnueabihf-gcc    -o CMakeFiles/cmTryCompileExec878541834.dir/testCCompiler.c.o   -c /home/vincent/code/test_code/camport3_soc/sample/build/CMakeFiles/CMakeTmp/testCCompiler.c
Linking C executable cmTryCompileExec878541834
/usr/bin/cmake -E cmake_link_script CMakeFiles/cmTryCompileExec878541834.dir/link.txt --verbose=1
/home/vincent/code/test_code/camport3_soc/toolchain/gcc-linaro-arm-linux-gnueabihf-4.7-2013.04-20130415_linux/bin/arm-linux-gnueabihf-gcc       CMakeFiles/cmTryCompileExec878541834.dir/testCCompiler.c.o  -o cmTryCompileExec878541834 -rdynamic 
make[1]: Leaving directory `/home/vincent/code/test_code/camport3_soc/sample/build/CMakeFiles/CMakeTmp'


Detecting C compiler ABI info compiled with the following output:
Change Dir: /home/vincent/code/test_code/camport3_soc/sample/build/CMakeFiles/CMakeTmp

Run Build Command:/usr/bin/make "cmTryCompileExec362765475/fast"
/usr/bin/make -f CMakeFiles/cmTryCompileExec362765475.dir/build.make CMakeFiles/cmTryCompileExec362765475.dir/build
make[1]: Entering directory `/home/vincent/code/test_code/camport3_soc/sample/build/CMakeFiles/CMakeTmp'
/usr/bin/cmake -E cmake_progress_report /home/vincent/code/test_code/camport3_soc/sample/build/CMakeFiles/CMakeTmp/CMakeFiles 1
Building C object CMakeFiles/cmTryCompileExec362765475.dir/CMakeCCompilerABI.c.o
/home/vincent/code/test_code/camport3_soc/toolchain/gcc-linaro-arm-linux-gnueabihf-4.7-2013.04-20130415_linux/bin/arm-linux-gnueabihf-gcc    -o CMakeFiles/cmTryCompileExec362765475.dir/CMakeCCompilerABI.c.o   -c /usr/share/cmake-2.8/Modules/CMakeCCompilerABI.c
Linking C executable cmTryCompileExec362765475
/usr/bin/cmake -E cmake_link_script CMakeFiles/cmTryCompileExec362765475.dir/link.txt --verbose=1
/home/vincent/code/test_code/camport3_soc/toolchain/gcc-linaro-arm-linux-gnueabihf-4.7-2013.04-20130415_linux/bin/arm-linux-gnueabihf-gcc     -v CMakeFiles/cmTryCompileExec362765475.dir/CMakeCCompilerABI.c.o  -o cmTryCompileExec362765475 -rdynamic  
Using built-in specs.
COLLECT_GCC=/home/vincent/code/test_code/camport3_soc/toolchain/gcc-linaro-arm-linux-gnueabihf-4.7-2013.04-20130415_linux/bin/arm-linux-gnueabihf-gcc
COLLECT_LTO_WRAPPER=/home/vincent/code/test_code/camport3_soc/toolchain/gcc-linaro-arm-linux-gnueabihf-4.7-2013.04-20130415_linux/bin/../libexec/gcc/arm-linux-gnueabihf/4.7.3/lto-wrapper
Target: arm-linux-gnueabihf
Configured with: /cbuild/slaves/oorts/crosstool-ng/builds/arm-linux-gnueabihf-linux/.build/src/gcc-linaro-4.7-2013.04/configure --build=i686-build_pc-linux-gnu --host=i686-build_pc-linux-gnu --target=arm-linux-gnueabihf --prefix=/cbuild/slaves/oorts/crosstool-ng/builds/arm-linux-gnueabihf-linux/install --with-sysroot=/cbuild/slaves/oorts/crosstool-ng/builds/arm-linux-gnueabihf-linux/install/arm-linux-gnueabihf/libc --enable-languages=c,c++,fortran --enable-multilib --with-arch=armv7-a --with-tune=cortex-a9 --with-fpu=vfpv3-d16 --with-float=hard --with-pkgversion='crosstool-NG linaro-1.13.1-4.7-2013.04-20130415 - Linaro GCC 2013.04' --with-bugurl=https://bugs.launchpad.net/gcc-linaro --enable-__cxa_atexit --enable-libmudflap --enable-libgomp --enable-libssp --with-gmp=/cbuild/slaves/oorts/crosstool-ng/builds/arm-linux-gnueabihf-linux/.build/arm-linux-gnueabihf/build/static --with-mpfr=/cbuild/slaves/oorts/crosstool-ng/builds/arm-linux-gnueabihf-linux/.build/arm-linux-gnueabihf/build/static --with-mpc=/cbuild/slaves/oorts/crosstool-ng/builds/arm-linux-gnueabihf-linux/.build/arm-linux-gnueabihf/build/static --with-ppl=/cbuild/slaves/oorts/crosstool-ng/builds/arm-linux-gnueabihf-linux/.build/arm-linux-gnueabihf/build/static --with-cloog=/cbuild/slaves/oorts/crosstool-ng/builds/arm-linux-gnueabihf-linux/.build/arm-linux-gnueabihf/build/static --with-libelf=/cbuild/slaves/oorts/crosstool-ng/builds/arm-linux-gnueabihf-linux/.build/arm-linux-gnueabihf/build/static --with-host-libstdcxx='-L/cbuild/slaves/oorts/crosstool-ng/builds/arm-linux-gnueabihf-linux/.build/arm-linux-gnueabihf/build/static/lib -lpwl' --enable-threads=posix --disable-libstdcxx-pch --enable-linker-build-id --enable-gold --with-local-prefix=/cbuild/slaves/oorts/crosstool-ng/builds/arm-linux-gnueabihf-linux/install/arm-linux-gnueabihf/libc --enable-c99 --enable-long-long --with-mode=thumb
Thread model: posix
gcc version 4.7.3 20130328 (prerelease) (crosstool-NG linaro-1.13.1-4.7-2013.04-20130415 - Linaro GCC 2013.04) 
COMPILER_PATH=/home/vincent/code/test_code/camport3_soc/toolchain/gcc-linaro-arm-linux-gnueabihf-4.7-2013.04-20130415_linux/bin/../libexec/gcc/arm-linux-gnueabihf/4.7.3/:/home/vincent/code/test_code/camport3_soc/toolchain/gcc-linaro-arm-linux-gnueabihf-4.7-2013.04-20130415_linux/bin/../libexec/gcc/:/home/vincent/code/test_code/camport3_soc/toolchain/gcc-linaro-arm-linux-gnueabihf-4.7-2013.04-20130415_linux/bin/../libexec/gcc/arm-linux-gnueabihf/:/home/vincent/code/test_code/camport3_soc/toolchain/gcc-linaro-arm-linux-gnueabihf-4.7-2013.04-20130415_linux/bin/../lib/gcc/arm-linux-gnueabihf/4.7.3/../../../../arm-linux-gnueabihf/bin/
LIBRARY_PATH=/home/vincent/code/test_code/camport3_soc/toolchain/gcc-linaro-arm-linux-gnueabihf-4.7-2013.04-20130415_linux/bin/../lib/gcc/arm-linux-gnueabihf/4.7.3/:/home/vincent/code/test_code/camport3_soc/toolchain/gcc-linaro-arm-linux-gnueabihf-4.7-2013.04-20130415_linux/bin/../lib/gcc/:/home/vincent/code/test_code/camport3_soc/toolchain/gcc-linaro-arm-linux-gnueabihf-4.7-2013.04-20130415_linux/bin/../lib/gcc/arm-linux-gnueabihf/:/home/vincent/code/test_code/camport3_soc/toolchain/gcc-linaro-arm-linux-gnueabihf-4.7-2013.04-20130415_linux/bin/../lib/gcc/arm-linux-gnueabihf/4.7.3/../../../../arm-linux-gnueabihf/lib/:/home/vincent/code/test_code/camport3_soc/toolchain/gcc-linaro-arm-linux-gnueabihf-4.7-2013.04-20130415_linux/bin/../arm-linux-gnueabihf/libc/lib/:/home/vincent/code/test_code/camport3_soc/toolchain/gcc-linaro-arm-linux-gnueabihf-4.7-2013.04-20130415_linux/bin/../arm-linux-gnueabihf/libc/lib/arm-linux-gnueabihf/:/home/vincent/code/test_code/camport3_soc/toolchain/gcc-linaro-arm-linux-gnueabihf-4.7-2013.04-20130415_linux/bin/../arm-linux-gnueabihf/libc/usr/lib/:/home/vincent/code/test_code/camport3_soc/toolchain/gcc-linaro-arm-linux-gnueabihf-4.7-2013.04-20130415_linux/bin/../arm-linux-gnueabihf/libc/usr/lib/arm-linux-gnueabihf/
COLLECT_GCC_OPTIONS='-v' '-o' 'cmTryCompileExec362765475' '-rdynamic' '-march=armv7-a' '-mtune=cortex-a9' '-mfloat-abi=hard' '-mfpu=vfpv3-d16' '-mthumb' '-mtls-dialect=gnu'
 /home/vincent/code/test_code/camport3_soc/toolchain/gcc-linaro-arm-linux-gnueabihf-4.7-2013.04-20130415_linux/bin/../libexec/gcc/arm-linux-gnueabihf/4.7.3/collect2 --sysroot=/home/vincent/code/test_code/camport3_soc/toolchain/gcc-linaro-arm-linux-gnueabihf-4.7-2013.04-20130415_linux/bin/../arm-linux-gnueabihf/libc --build-id --eh-frame-hdr -export-dynamic -dynamic-linker /lib/ld-linux-armhf.so.3 -X -m armelf_linux_eabi -o cmTryCompileExec362765475 /home/vincent/code/test_code/camport3_soc/toolchain/gcc-linaro-arm-linux-gnueabihf-4.7-2013.04-20130415_linux/bin/../arm-linux-gnueabihf/libc/usr/lib/arm-linux-gnueabihf/crt1.o /home/vincent/code/test_code/camport3_soc/toolchain/gcc-linaro-arm-linux-gnueabihf-4.7-2013.04-20130415_linux/bin/../arm-linux-gnueabihf/libc/usr/lib/arm-linux-gnueabihf/crti.o /home/vincent/code/test_code/camport3_soc/toolchain/gcc-linaro-arm-linux-gnueabihf-4.7-2013.04-20130415_linux/bin/../lib/gcc/arm-linux-gnueabihf/4.7.3/crtbegin.o -L/home/vincent/code/test_code/camport3_soc/toolchain/gcc-linaro-arm-linux-gnueabihf-4.7-2013.04-20130415_linux/bin/../lib/gcc/arm-linux-gnueabihf/4.7.3 -L/home/vincent/code/test_code/camport3_soc/toolchain/gcc-linaro-arm-linux-gnueabihf-4.7-2013.04-20130415_linux/bin/../lib/gcc -L/home/vincent/code/test_code/camport3_soc/toolchain/gcc-linaro-arm-linux-gnueabihf-4.7-2013.04-20130415_linux/bin/../lib/gcc/arm-linux-gnueabihf -L/home/vincent/code/test_code/camport3_soc/toolchain/gcc-linaro-arm-linux-gnueabihf-4.7-2013.04-20130415_linux/bin/../lib/gcc/arm-linux-gnueabihf/4.7.3/../../../../arm-linux-gnueabihf/lib -L/home/vincent/code/test_code/camport3_soc/toolchain/gcc-linaro-arm-linux-gnueabihf-4.7-2013.04-20130415_linux/bin/../arm-linux-gnueabihf/libc/lib -L/home/vincent/code/test_code/camport3_soc/toolchain/gcc-linaro-arm-linux-gnueabihf-4.7-2013.04-20130415_linux/bin/../arm-linux-gnueabihf/libc/lib/arm-linux-gnueabihf -L/home/vincent/code/test_code/camport3_soc/toolchain/gcc-linaro-arm-linux-gnueabihf-4.7-2013.04-20130415_linux/bin/../arm-linux-gnueabihf/libc/usr/lib -L/home/vincent/code/test_code/camport3_soc/toolchain/gcc-linaro-arm-linux-gnueabihf-4.7-2013.04-20130415_linux/bin/../arm-linux-gnueabihf/libc/usr/lib/arm-linux-gnueabihf CMakeFiles/cmTryCompileExec362765475.dir/CMakeCCompilerABI.c.o -lgcc --as-needed -lgcc_s --no-as-needed -lc -lgcc --as-needed -lgcc_s --no-as-needed /home/vincent/code/test_code/camport3_soc/toolchain/gcc-linaro-arm-linux-gnueabihf-4.7-2013.04-20130415_linux/bin/../lib/gcc/arm-linux-gnueabihf/4.7.3/crtend.o /home/vincent/code/test_code/camport3_soc/toolchain/gcc-linaro-arm-linux-gnueabihf-4.7-2013.04-20130415_linux/bin/../arm-linux-gnueabihf/libc/usr/lib/arm-linux-gnueabihf/crtn.o
make[1]: Leaving directory `/home/vincent/code/test_code/camport3_soc/sample/build/CMakeFiles/CMakeTmp'


Parsed C implicit link information from above output:
  link line regex: [^( *|.*[/\])(arm-linux-gnueabihf-ld|([^/\]+-)?ld|collect2)[^/\]*( |$)]
  ignore line: [Change Dir: /home/vincent/code/test_code/camport3_soc/sample/build/CMakeFiles/CMakeTmp]
  ignore line: []
  ignore line: [Run Build Command:/usr/bin/make "cmTryCompileExec362765475/fast"]
  ignore line: [/usr/bin/make -f CMakeFiles/cmTryCompileExec362765475.dir/build.make CMakeFiles/cmTryCompileExec362765475.dir/build]
  ignore line: [make[1]: Entering directory `/home/vincent/code/test_code/camport3_soc/sample/build/CMakeFiles/CMakeTmp']
  ignore line: [/usr/bin/cmake -E cmake_progress_report /home/vincent/code/test_code/camport3_soc/sample/build/CMakeFiles/CMakeTmp/CMakeFiles 1]
  ignore line: [Building C object CMakeFiles/cmTryCompileExec362765475.dir/CMakeCCompilerABI.c.o]
  ignore line: [/home/vincent/code/test_code/camport3_soc/toolchain/gcc-linaro-arm-linux-gnueabihf-4.7-2013.04-20130415_linux/bin/arm-linux-gnueabihf-gcc    -o CMakeFiles/cmTryCompileExec362765475.dir/CMakeCCompilerABI.c.o   -c /usr/share/cmake-2.8/Modules/CMakeCCompilerABI.c]
  ignore line: [Linking C executable cmTryCompileExec362765475]
  ignore line: [/usr/bin/cmake -E cmake_link_script CMakeFiles/cmTryCompileExec362765475.dir/link.txt --verbose=1]
  ignore line: [/home/vincent/code/test_code/camport3_soc/toolchain/gcc-linaro-arm-linux-gnueabihf-4.7-2013.04-20130415_linux/bin/arm-linux-gnueabihf-gcc     -v CMakeFiles/cmTryCompileExec362765475.dir/CMakeCCompilerABI.c.o  -o cmTryCompileExec362765475 -rdynamic  ]
  ignore line: [Using built-in specs.]
  ignore line: [COLLECT_GCC=/home/vincent/code/test_code/camport3_soc/toolchain/gcc-linaro-arm-linux-gnueabihf-4.7-2013.04-20130415_linux/bin/arm-linux-gnueabihf-gcc]
  ignore line: [COLLECT_LTO_WRAPPER=/home/vincent/code/test_code/camport3_soc/toolchain/gcc-linaro-arm-linux-gnueabihf-4.7-2013.04-20130415_linux/bin/../libexec/gcc/arm-linux-gnueabihf/4.7.3/lto-wrapper]
  ignore line: [Target: arm-linux-gnueabihf]
  ignore line: [Configured with: /cbuild/slaves/oorts/crosstool-ng/builds/arm-linux-gnueabihf-linux/.build/src/gcc-linaro-4.7-2013.04/configure --build=i686-build_pc-linux-gnu --host=i686-build_pc-linux-gnu --target=arm-linux-gnueabihf --prefix=/cbuild/slaves/oorts/crosstool-ng/builds/arm-linux-gnueabihf-linux/install --with-sysroot=/cbuild/slaves/oorts/crosstool-ng/builds/arm-linux-gnueabihf-linux/install/arm-linux-gnueabihf/libc --enable-languages=c,c++,fortran --enable-multilib --with-arch=armv7-a --with-tune=cortex-a9 --with-fpu=vfpv3-d16 --with-float=hard --with-pkgversion='crosstool-NG linaro-1.13.1-4.7-2013.04-20130415 - Linaro GCC 2013.04' --with-bugurl=https://bugs.launchpad.net/gcc-linaro --enable-__cxa_atexit --enable-libmudflap --enable-libgomp --enable-libssp --with-gmp=/cbuild/slaves/oorts/crosstool-ng/builds/arm-linux-gnueabihf-linux/.build/arm-linux-gnueabihf/build/static --with-mpfr=/cbuild/slaves/oorts/crosstool-ng/builds/arm-linux-gnueabihf-linux/.build/arm-linux-gnueabihf/build/static --with-mpc=/cbuild/slaves/oorts/crosstool-ng/builds/arm-linux-gnueabihf-linux/.build/arm-linux-gnueabihf/build/static --with-ppl=/cbuild/slaves/oorts/crosstool-ng/builds/arm-linux-gnueabihf-linux/.build/arm-linux-gnueabihf/build/static --with-cloog=/cbuild/slaves/oorts/crosstool-ng/builds/arm-linux-gnueabihf-linux/.build/arm-linux-gnueabihf/build/static --with-libelf=/cbuild/slaves/oorts/crosstool-ng/builds/arm-linux-gnueabihf-linux/.build/arm-linux-gnueabihf/build/static --with-host-libstdcxx='-L/cbuild/slaves/oorts/crosstool-ng/builds/arm-linux-gnueabihf-linux/.build/arm-linux-gnueabihf/build/static/lib -lpwl' --enable-threads=posix --disable-libstdcxx-pch --enable-linker-build-id --enable-gold --with-local-prefix=/cbuild/slaves/oorts/crosstool-ng/builds/arm-linux-gnueabihf-linux/install/arm-linux-gnueabihf/libc --enable-c99 --enable-long-long --with-mode=thumb]
  ignore line: [Thread model: posix]
  ignore line: [gcc version 4.7.3 20130328 (prerelease) (crosstool-NG linaro-1.13.1-4.7-2013.04-20130415 - Linaro GCC 2013.04) ]
  ignore line: [COMPILER_PATH=/home/vincent/code/test_code/camport3_soc/toolchain/gcc-linaro-arm-linux-gnueabihf-4.7-2013.04-20130415_linux/bin/../libexec/gcc/arm-linux-gnueabihf/4.7.3/:/home/vincent/code/test_code/camport3_soc/toolchain/gcc-linaro-arm-linux-gnueabihf-4.7-2013.04-20130415_linux/bin/../libexec/gcc/:/home/vincent/code/test_code/camport3_soc/toolchain/gcc-linaro-arm-linux-gnueabihf-4.7-2013.04-20130415_linux/bin/../libexec/gcc/arm-linux-gnueabihf/:/home/vincent/code/test_code/camport3_soc/toolchain/gcc-linaro-arm-linux-gnueabihf-4.7-2013.04-20130415_linux/bin/../lib/gcc/arm-linux-gnueabihf/4.7.3/../../../../arm-linux-gnueabihf/bin/]
  ignore line: [LIBRARY_PATH=/home/vincent/code/test_code/camport3_soc/toolchain/gcc-linaro-arm-linux-gnueabihf-4.7-2013.04-20130415_linux/bin/../lib/gcc/arm-linux-gnueabihf/4.7.3/:/home/vincent/code/test_code/camport3_soc/toolchain/gcc-linaro-arm-linux-gnueabihf-4.7-2013.04-20130415_linux/bin/../lib/gcc/:/home/vincent/code/test_code/camport3_soc/toolchain/gcc-linaro-arm-linux-gnueabihf-4.7-2013.04-20130415_linux/bin/../lib/gcc/arm-linux-gnueabihf/:/home/vincent/code/test_code/camport3_soc/toolchain/gcc-linaro-arm-linux-gnueabihf-4.7-2013.04-20130415_linux/bin/../lib/gcc/arm-linux-gnueabihf/4.7.3/../../../../arm-linux-gnueabihf/lib/:/home/vincent/code/test_code/camport3_soc/toolchain/gcc-linaro-arm-linux-gnueabihf-4.7-2013.04-20130415_linux/bin/../arm-linux-gnueabihf/libc/lib/:/home/vincent/code/test_code/camport3_soc/toolchain/gcc-linaro-arm-linux-gnueabihf-4.7-2013.04-20130415_linux/bin/../arm-linux-gnueabihf/libc/lib/arm-linux-gnueabihf/:/home/vincent/code/test_code/camport3_soc/toolchain/gcc-linaro-arm-linux-gnueabihf-4.7-2013.04-20130415_linux/bin/../arm-linux-gnueabihf/libc/usr/lib/:/home/vincent/code/test_code/camport3_soc/toolchain/gcc-linaro-arm-linux-gnueabihf-4.7-2013.04-20130415_linux/bin/../arm-linux-gnueabihf/libc/usr/lib/arm-linux-gnueabihf/]
  ignore line: [COLLECT_GCC_OPTIONS='-v' '-o' 'cmTryCompileExec362765475' '-rdynamic' '-march=armv7-a' '-mtune=cortex-a9' '-mfloat-abi=hard' '-mfpu=vfpv3-d16' '-mthumb' '-mtls-dialect=gnu']
  link line: [ /home/vincent/code/test_code/camport3_soc/toolchain/gcc-linaro-arm-linux-gnueabihf-4.7-2013.04-20130415_linux/bin/../libexec/gcc/arm-linux-gnueabihf/4.7.3/collect2 --sysroot=/home/vincent/code/test_code/camport3_soc/toolchain/gcc-linaro-arm-linux-gnueabihf-4.7-2013.04-20130415_linux/bin/../arm-linux-gnueabihf/libc --build-id --eh-frame-hdr -export-dynamic -dynamic-linker /lib/ld-linux-armhf.so.3 -X -m armelf_linux_eabi -o cmTryCompileExec362765475 /home/vincent/code/test_code/camport3_soc/toolchain/gcc-linaro-arm-linux-gnueabihf-4.7-2013.04-20130415_linux/bin/../arm-linux-gnueabihf/libc/usr/lib/arm-linux-gnueabihf/crt1.o /home/vincent/code/test_code/camport3_soc/toolchain/gcc-linaro-arm-linux-gnueabihf-4.7-2013.04-20130415_linux/bin/../arm-linux-gnueabihf/libc/usr/lib/arm-linux-gnueabihf/crti.o /home/vincent/code/test_code/camport3_soc/toolchain/gcc-linaro-arm-linux-gnueabihf-4.7-2013.04-20130415_linux/bin/../lib/gcc/arm-linux-gnueabihf/4.7.3/crtbegin.o -L/home/vincent/code/test_code/camport3_soc/toolchain/gcc-linaro-arm-linux-gnueabihf-4.7-2013.04-20130415_linux/bin/../lib/gcc/arm-linux-gnueabihf/4.7.3 -L/home/vincent/code/test_code/camport3_soc/toolchain/gcc-linaro-arm-linux-gnueabihf-4.7-2013.04-20130415_linux/bin/../lib/gcc -L/home/vincent/code/test_code/camport3_soc/toolchain/gcc-linaro-arm-linux-gnueabihf-4.7-2013.04-20130415_linux/bin/../lib/gcc/arm-linux-gnueabihf -L/home/vincent/code/test_code/camport3_soc/toolchain/gcc-linaro-arm-linux-gnueabihf-4.7-2013.04-20130415_linux/bin/../lib/gcc/arm-linux-gnueabihf/4.7.3/../../../../arm-linux-gnueabihf/lib -L/home/vincent/code/test_code/camport3_soc/toolchain/gcc-linaro-arm-linux-gnueabihf-4.7-2013.04-20130415_linux/bin/../arm-linux-gnueabihf/libc/lib -L/home/vincent/code/test_code/camport3_soc/toolchain/gcc-linaro-arm-linux-gnueabihf-4.7-2013.04-20130415_linux/bin/../arm-linux-gnueabihf/libc/lib/arm-linux-gnueabihf -L/home/vincent/code/test_code/camport3_soc/toolchain/gcc-linaro-arm-linux-gnueabihf-4.7-2013.04-20130415_linux/bin/../arm-linux-gnueabihf/libc/usr/lib -L/home/vincent/code/test_code/camport3_soc/toolchain/gcc-linaro-arm-linux-gnueabihf-4.7-2013.04-20130415_linux/bin/../arm-linux-gnueabihf/libc/usr/lib/arm-linux-gnueabihf CMakeFiles/cmTryCompileExec362765475.dir/CMakeCCompilerABI.c.o -lgcc --as-needed -lgcc_s --no-as-needed -lc -lgcc --as-needed -lgcc_s --no-as-needed /home/vincent/code/test_code/camport3_soc/toolchain/gcc-linaro-arm-linux-gnueabihf-4.7-2013.04-20130415_linux/bin/../lib/gcc/arm-linux-gnueabihf/4.7.3/crtend.o /home/vincent/code/test_code/camport3_soc/toolchain/gcc-linaro-arm-linux-gnueabihf-4.7-2013.04-20130415_linux/bin/../arm-linux-gnueabihf/libc/usr/lib/arm-linux-gnueabihf/crtn.o]
    arg [/home/vincent/code/test_code/camport3_soc/toolchain/gcc-linaro-arm-linux-gnueabihf-4.7-2013.04-20130415_linux/bin/../libexec/gcc/arm-linux-gnueabihf/4.7.3/collect2] ==> ignore
    arg [--sysroot=/home/vincent/code/test_code/camport3_soc/toolchain/gcc-linaro-arm-linux-gnueabihf-4.7-2013.04-20130415_linux/bin/../arm-linux-gnueabihf/libc] ==> ignore
    arg [--build-id] ==> ignore
    arg [--eh-frame-hdr] ==> ignore
    arg [-export-dynamic] ==> ignore
    arg [-dynamic-linker] ==> ignore
    arg [/lib/ld-linux-armhf.so.3] ==> ignore
    arg [-X] ==> ignore
    arg [-m] ==> ignore
    arg [armelf_linux_eabi] ==> ignore
    arg [-o] ==> ignore
    arg [cmTryCompileExec362765475] ==> ignore
    arg [/home/vincent/code/test_code/camport3_soc/toolchain/gcc-linaro-arm-linux-gnueabihf-4.7-2013.04-20130415_linux/bin/../arm-linux-gnueabihf/libc/usr/lib/arm-linux-gnueabihf/crt1.o] ==> ignore
    arg [/home/vincent/code/test_code/camport3_soc/toolchain/gcc-linaro-arm-linux-gnueabihf-4.7-2013.04-20130415_linux/bin/../arm-linux-gnueabihf/libc/usr/lib/arm-linux-gnueabihf/crti.o] ==> ignore
    arg [/home/vincent/code/test_code/camport3_soc/toolchain/gcc-linaro-arm-linux-gnueabihf-4.7-2013.04-20130415_linux/bin/../lib/gcc/arm-linux-gnueabihf/4.7.3/crtbegin.o] ==> ignore
    arg [-L/home/vincent/code/test_code/camport3_soc/toolchain/gcc-linaro-arm-linux-gnueabihf-4.7-2013.04-20130415_linux/bin/../lib/gcc/arm-linux-gnueabihf/4.7.3] ==> dir [/home/vincent/code/test_code/camport3_soc/toolchain/gcc-linaro-arm-linux-gnueabihf-4.7-2013.04-20130415_linux/bin/../lib/gcc/arm-linux-gnueabihf/4.7.3]
    arg [-L/home/vincent/code/test_code/camport3_soc/toolchain/gcc-linaro-arm-linux-gnueabihf-4.7-2013.04-20130415_linux/bin/../lib/gcc] ==> dir [/home/vincent/code/test_code/camport3_soc/toolchain/gcc-linaro-arm-linux-gnueabihf-4.7-2013.04-20130415_linux/bin/../lib/gcc]
    arg [-L/home/vincent/code/test_code/camport3_soc/toolchain/gcc-linaro-arm-linux-gnueabihf-4.7-2013.04-20130415_linux/bin/../lib/gcc/arm-linux-gnueabihf] ==> dir [/home/vincent/code/test_code/camport3_soc/toolchain/gcc-linaro-arm-linux-gnueabihf-4.7-2013.04-20130415_linux/bin/../lib/gcc/arm-linux-gnueabihf]
    arg [-L/home/vincent/code/test_code/camport3_soc/toolchain/gcc-linaro-arm-linux-gnueabihf-4.7-2013.04-20130415_linux/bin/../lib/gcc/arm-linux-gnueabihf/4.7.3/../../../../arm-linux-gnueabihf/lib] ==> dir [/home/vincent/code/test_code/camport3_soc/toolchain/gcc-linaro-arm-linux-gnueabihf-4.7-2013.04-20130415_linux/bin/../lib/gcc/arm-linux-gnueabihf/4.7.3/../../../../arm-linux-gnueabihf/lib]
    arg [-L/home/vincent/code/test_code/camport3_soc/toolchain/gcc-linaro-arm-linux-gnueabihf-4.7-2013.04-20130415_linux/bin/../arm-linux-gnueabihf/libc/lib] ==> dir [/home/vincent/code/test_code/camport3_soc/toolchain/gcc-linaro-arm-linux-gnueabihf-4.7-2013.04-20130415_linux/bin/../arm-linux-gnueabihf/libc/lib]
    arg [-L/home/vincent/code/test_code/camport3_soc/toolchain/gcc-linaro-arm-linux-gnueabihf-4.7-2013.04-20130415_linux/bin/../arm-linux-gnueabihf/libc/lib/arm-linux-gnueabihf] ==> dir [/home/vincent/code/test_code/camport3_soc/toolchain/gcc-linaro-arm-linux-gnueabihf-4.7-2013.04-20130415_linux/bin/../arm-linux-gnueabihf/libc/lib/arm-linux-gnueabihf]
    arg [-L/home/vincent/code/test_code/camport3_soc/toolchain/gcc-linaro-arm-linux-gnueabihf-4.7-2013.04-20130415_linux/bin/../arm-linux-gnueabihf/libc/usr/lib] ==> dir [/home/vincent/code/test_code/camport3_soc/toolchain/gcc-linaro-arm-linux-gnueabihf-4.7-2013.04-20130415_linux/bin/../arm-linux-gnueabihf/libc/usr/lib]
    arg [-L/home/vincent/code/test_code/camport3_soc/toolchain/gcc-linaro-arm-linux-gnueabihf-4.7-2013.04-20130415_linux/bin/../arm-linux-gnueabihf/libc/usr/lib/arm-linux-gnueabihf] ==> dir [/home/vincent/code/test_code/camport3_soc/toolchain/gcc-linaro-arm-linux-gnueabihf-4.7-2013.04-20130415_linux/bin/../arm-linux-gnueabihf/libc/usr/lib/arm-linux-gnueabihf]
    arg [CMakeFiles/cmTryCompileExec362765475.dir/CMakeCCompilerABI.c.o] ==> ignore
    arg [-lgcc] ==> lib [gcc]
    arg [--as-needed] ==> ignore
    arg [-lgcc_s] ==> lib [gcc_s]
    arg [--no-as-needed] ==> ignore
    arg [-lc] ==> lib [c]
    arg [-lgcc] ==> lib [gcc]
    arg [--as-needed] ==> ignore
    arg [-lgcc_s] ==> lib [gcc_s]
    arg [--no-as-needed] ==> ignore
    arg [/home/vincent/code/test_code/camport3_soc/toolchain/gcc-linaro-arm-linux-gnueabihf-4.7-2013.04-20130415_linux/bin/../lib/gcc/arm-linux-gnueabihf/4.7.3/crtend.o] ==> ignore
    arg [/home/vincent/code/test_code/camport3_soc/toolchain/gcc-linaro-arm-linux-gnueabihf-4.7-2013.04-20130415_linux/bin/../arm-linux-gnueabihf/libc/usr/lib/arm-linux-gnueabihf/crtn.o] ==> ignore
  remove lib [gcc]
  remove lib [gcc_s]
  remove lib [gcc]
  remove lib [gcc_s]
  collapse library dir [/home/vincent/code/test_code/camport3_soc/toolchain/gcc-linaro-arm-linux-gnueabihf-4.7-2013.04-20130415_linux/bin/../lib/gcc/arm-linux-gnueabihf/4.7.3] ==> [/home/vincent/code/test_code/camport3_soc/toolchain/gcc-linaro-arm-linux-gnueabihf-4.7-2013.04-20130415_linux/lib/gcc/arm-linux-gnueabihf/4.7.3]
  collapse library dir [/home/vincent/code/test_code/camport3_soc/toolchain/gcc-linaro-arm-linux-gnueabihf-4.7-2013.04-20130415_linux/bin/../lib/gcc] ==> [/home/vincent/code/test_code/camport3_soc/toolchain/gcc-linaro-arm-linux-gnueabihf-4.7-2013.04-20130415_linux/lib/gcc]
  collapse library dir [/home/vincent/code/test_code/camport3_soc/toolchain/gcc-linaro-arm-linux-gnueabihf-4.7-2013.04-20130415_linux/bin/../lib/gcc/arm-linux-gnueabihf] ==> [/home/vincent/code/test_code/camport3_soc/toolchain/gcc-linaro-arm-linux-gnueabihf-4.7-2013.04-20130415_linux/lib/gcc/arm-linux-gnueabihf]
  collapse library dir [/home/vincent/code/test_code/camport3_soc/toolchain/gcc-linaro-arm-linux-gnueabihf-4.7-2013.04-20130415_linux/bin/../lib/gcc/arm-linux-gnueabihf/4.7.3/../../../../arm-linux-gnueabihf/lib] ==> [/home/vincent/code/test_code/camport3_soc/toolchain/gcc-linaro-arm-linux-gnueabihf-4.7-2013.04-20130415_linux/arm-linux-gnueabihf/lib]
  collapse library dir [/home/vincent/code/test_code/camport3_soc/toolchain/gcc-linaro-arm-linux-gnueabihf-4.7-2013.04-20130415_linux/bin/../arm-linux-gnueabihf/libc/lib] ==> [/home/vincent/code/test_code/camport3_soc/toolchain/gcc-linaro-arm-linux-gnueabihf-4.7-2013.04-20130415_linux/arm-linux-gnueabihf/libc/lib]
  collapse library dir [/home/vincent/code/test_code/camport3_soc/toolchain/gcc-linaro-arm-linux-gnueabihf-4.7-2013.04-20130415_linux/bin/../arm-linux-gnueabihf/libc/lib/arm-linux-gnueabihf] ==> [/home/vincent/code/test_code/camport3_soc/toolchain/gcc-linaro-arm-linux-gnueabihf-4.7-2013.04-20130415_linux/arm-linux-gnueabihf/libc/lib/arm-linux-gnueabihf]
  collapse library dir [/home/vincent/code/test_code/camport3_soc/toolchain/gcc-linaro-arm-linux-gnueabihf-4.7-2013.04-20130415_linux/bin/../arm-linux-gnueabihf/libc/usr/lib] ==> [/home/vincent/code/test_code/camport3_soc/toolchain/gcc-linaro-arm-linux-gnueabihf-4.7-2013.04-20130415_linux/arm-linux-gnueabihf/libc/usr/lib]
  collapse library dir [/home/vincent/code/test_code/camport3_soc/toolchain/gcc-linaro-arm-linux-gnueabihf-4.7-2013.04-20130415_linux/bin/../arm-linux-gnueabihf/libc/usr/lib/arm-linux-gnueabihf] ==> [/home/vincent/code/test_code/camport3_soc/toolchain/gcc-linaro-arm-linux-gnueabihf-4.7-2013.04-20130415_linux/arm-linux-gnueabihf/libc/usr/lib/arm-linux-gnueabihf]
  implicit libs: [c]
  implicit dirs: [/home/vincent/code/test_code/camport3_soc/toolchain/gcc-linaro-arm-linux-gnueabihf-4.7-2013.04-20130415_linux/lib/gcc/arm-linux-gnueabihf/4.7.3;/home/vincent/code/test_code/camport3_soc/toolchain/gcc-linaro-arm-linux-gnueabihf-4.7-2013.04-20130415_linux/lib/gcc;/home/vincent/code/test_code/camport3_soc/toolchain/gcc-linaro-arm-linux-gnueabihf-4.7-2013.04-20130415_linux/lib/gcc/arm-linux-gnueabihf;/home/vincent/code/test_code/camport3_soc/toolchain/gcc-linaro-arm-linux-gnueabihf-4.7-2013.04-20130415_linux/arm-linux-gnueabihf/lib;/home/vincent/code/test_code/camport3_soc/toolchain/gcc-linaro-arm-linux-gnueabihf-4.7-2013.04-20130415_linux/arm-linux-gnueabihf/libc/lib;/home/vincent/code/test_code/camport3_soc/toolchain/gcc-linaro-arm-linux-gnueabihf-4.7-2013.04-20130415_linux/arm-linux-gnueabihf/libc/lib/arm-linux-gnueabihf;/home/vincent/code/test_code/camport3_soc/toolchain/gcc-linaro-arm-linux-gnueabihf-4.7-2013.04-20130415_linux/arm-linux-gnueabihf/libc/usr/lib;/home/vincent/code/test_code/camport3_soc/toolchain/gcc-linaro-arm-linux-gnueabihf-4.7-2013.04-20130415_linux/arm-linux-gnueabihf/libc/usr/lib/arm-linux-gnueabihf]
  implicit fwks: []


Determining if the CXX compiler works passed with the following output:
Change Dir: /home/vincent/code/test_code/camport3_soc/sample/build/CMakeFiles/CMakeTmp

Run Build Command:/usr/bin/make "cmTryCompileExec1618580606/fast"
/usr/bin/make -f CMakeFiles/cmTryCompileExec1618580606.dir/build.make CMakeFiles/cmTryCompileExec1618580606.dir/build
make[1]: Entering directory `/home/vincent/code/test_code/camport3_soc/sample/build/CMakeFiles/CMakeTmp'
/usr/bin/cmake -E cmake_progress_report /home/vincent/code/test_code/camport3_soc/sample/build/CMakeFiles/CMakeTmp/CMakeFiles 1
Building CXX object CMakeFiles/cmTryCompileExec1618580606.dir/testCXXCompiler.cxx.o
/home/vincent/code/test_code/camport3_soc/toolchain/gcc-linaro-arm-linux-gnueabihf-4.7-2013.04-20130415_linux/bin/arm-linux-gnueabihf-g++     -o CMakeFiles/cmTryCompileExec1618580606.dir/testCXXCompiler.cxx.o -c /home/vincent/code/test_code/camport3_soc/sample/build/CMakeFiles/CMakeTmp/testCXXCompiler.cxx
Linking CXX executable cmTryCompileExec1618580606
/usr/bin/cmake -E cmake_link_script CMakeFiles/cmTryCompileExec1618580606.dir/link.txt --verbose=1
/home/vincent/code/test_code/camport3_soc/toolchain/gcc-linaro-arm-linux-gnueabihf-4.7-2013.04-20130415_linux/bin/arm-linux-gnueabihf-g++        CMakeFiles/cmTryCompileExec1618580606.dir/testCXXCompiler.cxx.o  -o cmTryCompileExec1618580606 -rdynamic 
make[1]: Leaving directory `/home/vincent/code/test_code/camport3_soc/sample/build/CMakeFiles/CMakeTmp'


Detecting CXX compiler ABI info compiled with the following output:
Change Dir: /home/vincent/code/test_code/camport3_soc/sample/build/CMakeFiles/CMakeTmp

Run Build Command:/usr/bin/make "cmTryCompileExec3206684374/fast"
/usr/bin/make -f CMakeFiles/cmTryCompileExec3206684374.dir/build.make CMakeFiles/cmTryCompileExec3206684374.dir/build
make[1]: Entering directory `/home/vincent/code/test_code/camport3_soc/sample/build/CMakeFiles/CMakeTmp'
/usr/bin/cmake -E cmake_progress_report /home/vincent/code/test_code/camport3_soc/sample/build/CMakeFiles/CMakeTmp/CMakeFiles 1
Building CXX object CMakeFiles/cmTryCompileExec3206684374.dir/CMakeCXXCompilerABI.cpp.o
/home/vincent/code/test_code/camport3_soc/toolchain/gcc-linaro-arm-linux-gnueabihf-4.7-2013.04-20130415_linux/bin/arm-linux-gnueabihf-g++     -o CMakeFiles/cmTryCompileExec3206684374.dir/CMakeCXXCompilerABI.cpp.o -c /usr/share/cmake-2.8/Modules/CMakeCXXCompilerABI.cpp
Linking CXX executable cmTryCompileExec3206684374
/usr/bin/cmake -E cmake_link_script CMakeFiles/cmTryCompileExec3206684374.dir/link.txt --verbose=1
/home/vincent/code/test_code/camport3_soc/toolchain/gcc-linaro-arm-linux-gnueabihf-4.7-2013.04-20130415_linux/bin/arm-linux-gnueabihf-g++      -v CMakeFiles/cmTryCompileExec3206684374.dir/CMakeCXXCompilerABI.cpp.o  -o cmTryCompileExec3206684374 -rdynamic  
Using built-in specs.
COLLECT_GCC=/home/vincent/code/test_code/camport3_soc/toolchain/gcc-linaro-arm-linux-gnueabihf-4.7-2013.04-20130415_linux/bin/arm-linux-gnueabihf-g++
COLLECT_LTO_WRAPPER=/home/vincent/code/test_code/camport3_soc/toolchain/gcc-linaro-arm-linux-gnueabihf-4.7-2013.04-20130415_linux/bin/../libexec/gcc/arm-linux-gnueabihf/4.7.3/lto-wrapper
Target: arm-linux-gnueabihf
Configured with: /cbuild/slaves/oorts/crosstool-ng/builds/arm-linux-gnueabihf-linux/.build/src/gcc-linaro-4.7-2013.04/configure --build=i686-build_pc-linux-gnu --host=i686-build_pc-linux-gnu --target=arm-linux-gnueabihf --prefix=/cbuild/slaves/oorts/crosstool-ng/builds/arm-linux-gnueabihf-linux/install --with-sysroot=/cbuild/slaves/oorts/crosstool-ng/builds/arm-linux-gnueabihf-linux/install/arm-linux-gnueabihf/libc --enable-languages=c,c++,fortran --enable-multilib --with-arch=armv7-a --with-tune=cortex-a9 --with-fpu=vfpv3-d16 --with-float=hard --with-pkgversion='crosstool-NG linaro-1.13.1-4.7-2013.04-20130415 - Linaro GCC 2013.04' --with-bugurl=https://bugs.launchpad.net/gcc-linaro --enable-__cxa_atexit --enable-libmudflap --enable-libgomp --enable-libssp --with-gmp=/cbuild/slaves/oorts/crosstool-ng/builds/arm-linux-gnueabihf-linux/.build/arm-linux-gnueabihf/build/static --with-mpfr=/cbuild/slaves/oorts/crosstool-ng/builds/arm-linux-gnueabihf-linux/.build/arm-linux-gnueabihf/build/static --with-mpc=/cbuild/slaves/oorts/crosstool-ng/builds/arm-linux-gnueabihf-linux/.build/arm-linux-gnueabihf/build/static --with-ppl=/cbuild/slaves/oorts/crosstool-ng/builds/arm-linux-gnueabihf-linux/.build/arm-linux-gnueabihf/build/static --with-cloog=/cbuild/slaves/oorts/crosstool-ng/builds/arm-linux-gnueabihf-linux/.build/arm-linux-gnueabihf/build/static --with-libelf=/cbuild/slaves/oorts/crosstool-ng/builds/arm-linux-gnueabihf-linux/.build/arm-linux-gnueabihf/build/static --with-host-libstdcxx='-L/cbuild/slaves/oorts/crosstool-ng/builds/arm-linux-gnueabihf-linux/.build/arm-linux-gnueabihf/build/static/lib -lpwl' --enable-threads=posix --disable-libstdcxx-pch --enable-linker-build-id --enable-gold --with-local-prefix=/cbuild/slaves/oorts/crosstool-ng/builds/arm-linux-gnueabihf-linux/install/arm-linux-gnueabihf/libc --enable-c99 --enable-long-long --with-mode=thumb
Thread model: posix
gcc version 4.7.3 20130328 (prerelease) (crosstool-NG linaro-1.13.1-4.7-2013.04-20130415 - Linaro GCC 2013.04) 
COMPILER_PATH=/home/vincent/code/test_code/camport3_soc/toolchain/gcc-linaro-arm-linux-gnueabihf-4.7-2013.04-20130415_linux/bin/../libexec/gcc/arm-linux-gnueabihf/4.7.3/:/home/vincent/code/test_code/camport3_soc/toolchain/gcc-linaro-arm-linux-gnueabihf-4.7-2013.04-20130415_linux/bin/../libexec/gcc/:/home/vincent/code/test_code/camport3_soc/toolchain/gcc-linaro-arm-linux-gnueabihf-4.7-2013.04-20130415_linux/bin/../libexec/gcc/arm-linux-gnueabihf/:/home/vincent/code/test_code/camport3_soc/toolchain/gcc-linaro-arm-linux-gnueabihf-4.7-2013.04-20130415_linux/bin/../lib/gcc/arm-linux-gnueabihf/4.7.3/../../../../arm-linux-gnueabihf/bin/
LIBRARY_PATH=/home/vincent/code/test_code/camport3_soc/toolchain/gcc-linaro-arm-linux-gnueabihf-4.7-2013.04-20130415_linux/bin/../lib/gcc/arm-linux-gnueabihf/4.7.3/:/home/vincent/code/test_code/camport3_soc/toolchain/gcc-linaro-arm-linux-gnueabihf-4.7-2013.04-20130415_linux/bin/../lib/gcc/:/home/vincent/code/test_code/camport3_soc/toolchain/gcc-linaro-arm-linux-gnueabihf-4.7-2013.04-20130415_linux/bin/../lib/gcc/arm-linux-gnueabihf/:/home/vincent/code/test_code/camport3_soc/toolchain/gcc-linaro-arm-linux-gnueabihf-4.7-2013.04-20130415_linux/bin/../lib/gcc/arm-linux-gnueabihf/4.7.3/../../../../arm-linux-gnueabihf/lib/:/home/vincent/code/test_code/camport3_soc/toolchain/gcc-linaro-arm-linux-gnueabihf-4.7-2013.04-20130415_linux/bin/../arm-linux-gnueabihf/libc/lib/:/home/vincent/code/test_code/camport3_soc/toolchain/gcc-linaro-arm-linux-gnueabihf-4.7-2013.04-20130415_linux/bin/../arm-linux-gnueabihf/libc/lib/arm-linux-gnueabihf/:/home/vincent/code/test_code/camport3_soc/toolchain/gcc-linaro-arm-linux-gnueabihf-4.7-2013.04-20130415_linux/bin/../arm-linux-gnueabihf/libc/usr/lib/:/home/vincent/code/test_code/camport3_soc/toolchain/gcc-linaro-arm-linux-gnueabihf-4.7-2013.04-20130415_linux/bin/../arm-linux-gnueabihf/libc/usr/lib/arm-linux-gnueabihf/
COLLECT_GCC_OPTIONS='-v' '-o' 'cmTryCompileExec3206684374' '-rdynamic' '-shared-libgcc' '-march=armv7-a' '-mtune=cortex-a9' '-mfloat-abi=hard' '-mfpu=vfpv3-d16' '-mthumb' '-mtls-dialect=gnu'
 /home/vincent/code/test_code/camport3_soc/toolchain/gcc-linaro-arm-linux-gnueabihf-4.7-2013.04-20130415_linux/bin/../libexec/gcc/arm-linux-gnueabihf/4.7.3/collect2 --sysroot=/home/vincent/code/test_code/camport3_soc/toolchain/gcc-linaro-arm-linux-gnueabihf-4.7-2013.04-20130415_linux/bin/../arm-linux-gnueabihf/libc --build-id --eh-frame-hdr -export-dynamic -dynamic-linker /lib/ld-linux-armhf.so.3 -X -m armelf_linux_eabi -o cmTryCompileExec3206684374 /home/vincent/code/test_code/camport3_soc/toolchain/gcc-linaro-arm-linux-gnueabihf-4.7-2013.04-20130415_linux/bin/../arm-linux-gnueabihf/libc/usr/lib/arm-linux-gnueabihf/crt1.o /home/vincent/code/test_code/camport3_soc/toolchain/gcc-linaro-arm-linux-gnueabihf-4.7-2013.04-20130415_linux/bin/../arm-linux-gnueabihf/libc/usr/lib/arm-linux-gnueabihf/crti.o /home/vincent/code/test_code/camport3_soc/toolchain/gcc-linaro-arm-linux-gnueabihf-4.7-2013.04-20130415_linux/bin/../lib/gcc/arm-linux-gnueabihf/4.7.3/crtbegin.o -L/home/vincent/code/test_code/camport3_soc/toolchain/gcc-linaro-arm-linux-gnueabihf-4.7-2013.04-20130415_linux/bin/../lib/gcc/arm-linux-gnueabihf/4.7.3 -L/home/vincent/code/test_code/camport3_soc/toolchain/gcc-linaro-arm-linux-gnueabihf-4.7-2013.04-20130415_linux/bin/../lib/gcc -L/home/vincent/code/test_code/camport3_soc/toolchain/gcc-linaro-arm-linux-gnueabihf-4.7-2013.04-20130415_linux/bin/../lib/gcc/arm-linux-gnueabihf -L/home/vincent/code/test_code/camport3_soc/toolchain/gcc-linaro-arm-linux-gnueabihf-4.7-2013.04-20130415_linux/bin/../lib/gcc/arm-linux-gnueabihf/4.7.3/../../../../arm-linux-gnueabihf/lib -L/home/vincent/code/test_code/camport3_soc/toolchain/gcc-linaro-arm-linux-gnueabihf-4.7-2013.04-20130415_linux/bin/../arm-linux-gnueabihf/libc/lib -L/home/vincent/code/test_code/camport3_soc/toolchain/gcc-linaro-arm-linux-gnueabihf-4.7-2013.04-20130415_linux/bin/../arm-linux-gnueabihf/libc/lib/arm-linux-gnueabihf -L/home/vincent/code/test_code/camport3_soc/toolchain/gcc-linaro-arm-linux-gnueabihf-4.7-2013.04-20130415_linux/bin/../arm-linux-gnueabihf/libc/usr/lib -L/home/vincent/code/test_code/camport3_soc/toolchain/gcc-linaro-arm-linux-gnueabihf-4.7-2013.04-20130415_linux/bin/../arm-linux-gnueabihf/libc/usr/lib/arm-linux-gnueabihf CMakeFiles/cmTryCompileExec3206684374.dir/CMakeCXXCompilerABI.cpp.o -lstdc++ -lm -lgcc_s -lgcc -lc -lgcc_s -lgcc /home/vincent/code/test_code/camport3_soc/toolchain/gcc-linaro-arm-linux-gnueabihf-4.7-2013.04-20130415_linux/bin/../lib/gcc/arm-linux-gnueabihf/4.7.3/crtend.o /home/vincent/code/test_code/camport3_soc/toolchain/gcc-linaro-arm-linux-gnueabihf-4.7-2013.04-20130415_linux/bin/../arm-linux-gnueabihf/libc/usr/lib/arm-linux-gnueabihf/crtn.o
make[1]: Leaving directory `/home/vincent/code/test_code/camport3_soc/sample/build/CMakeFiles/CMakeTmp'


Parsed CXX implicit link information from above output:
  link line regex: [^( *|.*[/\])(arm-linux-gnueabihf-ld|([^/\]+-)?ld|collect2)[^/\]*( |$)]
  ignore line: [Change Dir: /home/vincent/code/test_code/camport3_soc/sample/build/CMakeFiles/CMakeTmp]
  ignore line: []
  ignore line: [Run Build Command:/usr/bin/make "cmTryCompileExec3206684374/fast"]
  ignore line: [/usr/bin/make -f CMakeFiles/cmTryCompileExec3206684374.dir/build.make CMakeFiles/cmTryCompileExec3206684374.dir/build]
  ignore line: [make[1]: Entering directory `/home/vincent/code/test_code/camport3_soc/sample/build/CMakeFiles/CMakeTmp']
  ignore line: [/usr/bin/cmake -E cmake_progress_report /home/vincent/code/test_code/camport3_soc/sample/build/CMakeFiles/CMakeTmp/CMakeFiles 1]
  ignore line: [Building CXX object CMakeFiles/cmTryCompileExec3206684374.dir/CMakeCXXCompilerABI.cpp.o]
  ignore line: [/home/vincent/code/test_code/camport3_soc/toolchain/gcc-linaro-arm-linux-gnueabihf-4.7-2013.04-20130415_linux/bin/arm-linux-gnueabihf-g++     -o CMakeFiles/cmTryCompileExec3206684374.dir/CMakeCXXCompilerABI.cpp.o -c /usr/share/cmake-2.8/Modules/CMakeCXXCompilerABI.cpp]
  ignore line: [Linking CXX executable cmTryCompileExec3206684374]
  ignore line: [/usr/bin/cmake -E cmake_link_script CMakeFiles/cmTryCompileExec3206684374.dir/link.txt --verbose=1]
  ignore line: [/home/vincent/code/test_code/camport3_soc/toolchain/gcc-linaro-arm-linux-gnueabihf-4.7-2013.04-20130415_linux/bin/arm-linux-gnueabihf-g++      -v CMakeFiles/cmTryCompileExec3206684374.dir/CMakeCXXCompilerABI.cpp.o  -o cmTryCompileExec3206684374 -rdynamic  ]
  ignore line: [Using built-in specs.]
  ignore line: [COLLECT_GCC=/home/vincent/code/test_code/camport3_soc/toolchain/gcc-linaro-arm-linux-gnueabihf-4.7-2013.04-20130415_linux/bin/arm-linux-gnueabihf-g++]
  ignore line: [COLLECT_LTO_WRAPPER=/home/vincent/code/test_code/camport3_soc/toolchain/gcc-linaro-arm-linux-gnueabihf-4.7-2013.04-20130415_linux/bin/../libexec/gcc/arm-linux-gnueabihf/4.7.3/lto-wrapper]
  ignore line: [Target: arm-linux-gnueabihf]
  ignore line: [Configured with: /cbuild/slaves/oorts/crosstool-ng/builds/arm-linux-gnueabihf-linux/.build/src/gcc-linaro-4.7-2013.04/configure --build=i686-build_pc-linux-gnu --host=i686-build_pc-linux-gnu --target=arm-linux-gnueabihf --prefix=/cbuild/slaves/oorts/crosstool-ng/builds/arm-linux-gnueabihf-linux/install --with-sysroot=/cbuild/slaves/oorts/crosstool-ng/builds/arm-linux-gnueabihf-linux/install/arm-linux-gnueabihf/libc --enable-languages=c,c++,fortran --enable-multilib --with-arch=armv7-a --with-tune=cortex-a9 --with-fpu=vfpv3-d16 --with-float=hard --with-pkgversion='crosstool-NG linaro-1.13.1-4.7-2013.04-20130415 - Linaro GCC 2013.04' --with-bugurl=https://bugs.launchpad.net/gcc-linaro --enable-__cxa_atexit --enable-libmudflap --enable-libgomp --enable-libssp --with-gmp=/cbuild/slaves/oorts/crosstool-ng/builds/arm-linux-gnueabihf-linux/.build/arm-linux-gnueabihf/build/static --with-mpfr=/cbuild/slaves/oorts/crosstool-ng/builds/arm-linux-gnueabihf-linux/.build/arm-linux-gnueabihf/build/static --with-mpc=/cbuild/slaves/oorts/crosstool-ng/builds/arm-linux-gnueabihf-linux/.build/arm-linux-gnueabihf/build/static --with-ppl=/cbuild/slaves/oorts/crosstool-ng/builds/arm-linux-gnueabihf-linux/.build/arm-linux-gnueabihf/build/static --with-cloog=/cbuild/slaves/oorts/crosstool-ng/builds/arm-linux-gnueabihf-linux/.build/arm-linux-gnueabihf/build/static --with-libelf=/cbuild/slaves/oorts/crosstool-ng/builds/arm-linux-gnueabihf-linux/.build/arm-linux-gnueabihf/build/static --with-host-libstdcxx='-L/cbuild/slaves/oorts/crosstool-ng/builds/arm-linux-gnueabihf-linux/.build/arm-linux-gnueabihf/build/static/lib -lpwl' --enable-threads=posix --disable-libstdcxx-pch --enable-linker-build-id --enable-gold --with-local-prefix=/cbuild/slaves/oorts/crosstool-ng/builds/arm-linux-gnueabihf-linux/install/arm-linux-gnueabihf/libc --enable-c99 --enable-long-long --with-mode=thumb]
  ignore line: [Thread model: posix]
  ignore line: [gcc version 4.7.3 20130328 (prerelease) (crosstool-NG linaro-1.13.1-4.7-2013.04-20130415 - Linaro GCC 2013.04) ]
  ignore line: [COMPILER_PATH=/home/vincent/code/test_code/camport3_soc/toolchain/gcc-linaro-arm-linux-gnueabihf-4.7-2013.04-20130415_linux/bin/../libexec/gcc/arm-linux-gnueabihf/4.7.3/:/home/vincent/code/test_code/camport3_soc/toolchain/gcc-linaro-arm-linux-gnueabihf-4.7-2013.04-20130415_linux/bin/../libexec/gcc/:/home/vincent/code/test_code/camport3_soc/toolchain/gcc-linaro-arm-linux-gnueabihf-4.7-2013.04-20130415_linux/bin/../libexec/gcc/arm-linux-gnueabihf/:/home/vincent/code/test_code/camport3_soc/toolchain/gcc-linaro-arm-linux-gnueabihf-4.7-2013.04-20130415_linux/bin/../lib/gcc/arm-linux-gnueabihf/4.7.3/../../../../arm-linux-gnueabihf/bin/]
  ignore line: [LIBRARY_PATH=/home/vincent/code/test_code/camport3_soc/toolchain/gcc-linaro-arm-linux-gnueabihf-4.7-2013.04-20130415_linux/bin/../lib/gcc/arm-linux-gnueabihf/4.7.3/:/home/vincent/code/test_code/camport3_soc/toolchain/gcc-linaro-arm-linux-gnueabihf-4.7-2013.04-20130415_linux/bin/../lib/gcc/:/home/vincent/code/test_code/camport3_soc/toolchain/gcc-linaro-arm-linux-gnueabihf-4.7-2013.04-20130415_linux/bin/../lib/gcc/arm-linux-gnueabihf/:/home/vincent/code/test_code/camport3_soc/toolchain/gcc-linaro-arm-linux-gnueabihf-4.7-2013.04-20130415_linux/bin/../lib/gcc/arm-linux-gnueabihf/4.7.3/../../../../arm-linux-gnueabihf/lib/:/home/vincent/code/test_code/camport3_soc/toolchain/gcc-linaro-arm-linux-gnueabihf-4.7-2013.04-20130415_linux/bin/../arm-linux-gnueabihf/libc/lib/:/home/vincent/code/test_code/camport3_soc/toolchain/gcc-linaro-arm-linux-gnueabihf-4.7-2013.04-20130415_linux/bin/../arm-linux-gnueabihf/libc/lib/arm-linux-gnueabihf/:/home/vincent/code/test_code/camport3_soc/toolchain/gcc-linaro-arm-linux-gnueabihf-4.7-2013.04-20130415_linux/bin/../arm-linux-gnueabihf/libc/usr/lib/:/home/vincent/code/test_code/camport3_soc/toolchain/gcc-linaro-arm-linux-gnueabihf-4.7-2013.04-20130415_linux/bin/../arm-linux-gnueabihf/libc/usr/lib/arm-linux-gnueabihf/]
  ignore line: [COLLECT_GCC_OPTIONS='-v' '-o' 'cmTryCompileExec3206684374' '-rdynamic' '-shared-libgcc' '-march=armv7-a' '-mtune=cortex-a9' '-mfloat-abi=hard' '-mfpu=vfpv3-d16' '-mthumb' '-mtls-dialect=gnu']
  link line: [ /home/vincent/code/test_code/camport3_soc/toolchain/gcc-linaro-arm-linux-gnueabihf-4.7-2013.04-20130415_linux/bin/../libexec/gcc/arm-linux-gnueabihf/4.7.3/collect2 --sysroot=/home/vincent/code/test_code/camport3_soc/toolchain/gcc-linaro-arm-linux-gnueabihf-4.7-2013.04-20130415_linux/bin/../arm-linux-gnueabihf/libc --build-id --eh-frame-hdr -export-dynamic -dynamic-linker /lib/ld-linux-armhf.so.3 -X -m armelf_linux_eabi -o cmTryCompileExec3206684374 /home/vincent/code/test_code/camport3_soc/toolchain/gcc-linaro-arm-linux-gnueabihf-4.7-2013.04-20130415_linux/bin/../arm-linux-gnueabihf/libc/usr/lib/arm-linux-gnueabihf/crt1.o /home/vincent/code/test_code/camport3_soc/toolchain/gcc-linaro-arm-linux-gnueabihf-4.7-2013.04-20130415_linux/bin/../arm-linux-gnueabihf/libc/usr/lib/arm-linux-gnueabihf/crti.o /home/vincent/code/test_code/camport3_soc/toolchain/gcc-linaro-arm-linux-gnueabihf-4.7-2013.04-20130415_linux/bin/../lib/gcc/arm-linux-gnueabihf/4.7.3/crtbegin.o -L/home/vincent/code/test_code/camport3_soc/toolchain/gcc-linaro-arm-linux-gnueabihf-4.7-2013.04-20130415_linux/bin/../lib/gcc/arm-linux-gnueabihf/4.7.3 -L/home/vincent/code/test_code/camport3_soc/toolchain/gcc-linaro-arm-linux-gnueabihf-4.7-2013.04-20130415_linux/bin/../lib/gcc -L/home/vincent/code/test_code/camport3_soc/toolchain/gcc-linaro-arm-linux-gnueabihf-4.7-2013.04-20130415_linux/bin/../lib/gcc/arm-linux-gnueabihf -L/home/vincent/code/test_code/camport3_soc/toolchain/gcc-linaro-arm-linux-gnueabihf-4.7-2013.04-20130415_linux/bin/../lib/gcc/arm-linux-gnueabihf/4.7.3/../../../../arm-linux-gnueabihf/lib -L/home/vincent/code/test_code/camport3_soc/toolchain/gcc-linaro-arm-linux-gnueabihf-4.7-2013.04-20130415_linux/bin/../arm-linux-gnueabihf/libc/lib -L/home/vincent/code/test_code/camport3_soc/toolchain/gcc-linaro-arm-linux-gnueabihf-4.7-2013.04-20130415_linux/bin/../arm-linux-gnueabihf/libc/lib/arm-linux-gnueabihf -L/home/vincent/code/test_code/camport3_soc/toolchain/gcc-linaro-arm-linux-gnueabihf-4.7-2013.04-20130415_linux/bin/../arm-linux-gnueabihf/libc/usr/lib -L/home/vincent/code/test_code/camport3_soc/toolchain/gcc-linaro-arm-linux-gnueabihf-4.7-2013.04-20130415_linux/bin/../arm-linux-gnueabihf/libc/usr/lib/arm-linux-gnueabihf CMakeFiles/cmTryCompileExec3206684374.dir/CMakeCXXCompilerABI.cpp.o -lstdc++ -lm -lgcc_s -lgcc -lc -lgcc_s -lgcc /home/vincent/code/test_code/camport3_soc/toolchain/gcc-linaro-arm-linux-gnueabihf-4.7-2013.04-20130415_linux/bin/../lib/gcc/arm-linux-gnueabihf/4.7.3/crtend.o /home/vincent/code/test_code/camport3_soc/toolchain/gcc-linaro-arm-linux-gnueabihf-4.7-2013.04-20130415_linux/bin/../arm-linux-gnueabihf/libc/usr/lib/arm-linux-gnueabihf/crtn.o]
    arg [/home/vincent/code/test_code/camport3_soc/toolchain/gcc-linaro-arm-linux-gnueabihf-4.7-2013.04-20130415_linux/bin/../libexec/gcc/arm-linux-gnueabihf/4.7.3/collect2] ==> ignore
    arg [--sysroot=/home/vincent/code/test_code/camport3_soc/toolchain/gcc-linaro-arm-linux-gnueabihf-4.7-2013.04-20130415_linux/bin/../arm-linux-gnueabihf/libc] ==> ignore
    arg [--build-id] ==> ignore
    arg [--eh-frame-hdr] ==> ignore
    arg [-export-dynamic] ==> ignore
    arg [-dynamic-linker] ==> ignore
    arg [/lib/ld-linux-armhf.so.3] ==> ignore
    arg [-X] ==> ignore
    arg [-m] ==> ignore
    arg [armelf_linux_eabi] ==> ignore
    arg [-o] ==> ignore
    arg [cmTryCompileExec3206684374] ==> ignore
    arg [/home/vincent/code/test_code/camport3_soc/toolchain/gcc-linaro-arm-linux-gnueabihf-4.7-2013.04-20130415_linux/bin/../arm-linux-gnueabihf/libc/usr/lib/arm-linux-gnueabihf/crt1.o] ==> ignore
    arg [/home/vincent/code/test_code/camport3_soc/toolchain/gcc-linaro-arm-linux-gnueabihf-4.7-2013.04-20130415_linux/bin/../arm-linux-gnueabihf/libc/usr/lib/arm-linux-gnueabihf/crti.o] ==> ignore
    arg [/home/vincent/code/test_code/camport3_soc/toolchain/gcc-linaro-arm-linux-gnueabihf-4.7-2013.04-20130415_linux/bin/../lib/gcc/arm-linux-gnueabihf/4.7.3/crtbegin.o] ==> ignore
    arg [-L/home/vincent/code/test_code/camport3_soc/toolchain/gcc-linaro-arm-linux-gnueabihf-4.7-2013.04-20130415_linux/bin/../lib/gcc/arm-linux-gnueabihf/4.7.3] ==> dir [/home/vincent/code/test_code/camport3_soc/toolchain/gcc-linaro-arm-linux-gnueabihf-4.7-2013.04-20130415_linux/bin/../lib/gcc/arm-linux-gnueabihf/4.7.3]
    arg [-L/home/vincent/code/test_code/camport3_soc/toolchain/gcc-linaro-arm-linux-gnueabihf-4.7-2013.04-20130415_linux/bin/../lib/gcc] ==> dir [/home/vincent/code/test_code/camport3_soc/toolchain/gcc-linaro-arm-linux-gnueabihf-4.7-2013.04-20130415_linux/bin/../lib/gcc]
    arg [-L/home/vincent/code/test_code/camport3_soc/toolchain/gcc-linaro-arm-linux-gnueabihf-4.7-2013.04-20130415_linux/bin/../lib/gcc/arm-linux-gnueabihf] ==> dir [/home/vincent/code/test_code/camport3_soc/toolchain/gcc-linaro-arm-linux-gnueabihf-4.7-2013.04-20130415_linux/bin/../lib/gcc/arm-linux-gnueabihf]
    arg [-L/home/vincent/code/test_code/camport3_soc/toolchain/gcc-linaro-arm-linux-gnueabihf-4.7-2013.04-20130415_linux/bin/../lib/gcc/arm-linux-gnueabihf/4.7.3/../../../../arm-linux-gnueabihf/lib] ==> dir [/home/vincent/code/test_code/camport3_soc/toolchain/gcc-linaro-arm-linux-gnueabihf-4.7-2013.04-20130415_linux/bin/../lib/gcc/arm-linux-gnueabihf/4.7.3/../../../../arm-linux-gnueabihf/lib]
    arg [-L/home/vincent/code/test_code/camport3_soc/toolchain/gcc-linaro-arm-linux-gnueabihf-4.7-2013.04-20130415_linux/bin/../arm-linux-gnueabihf/libc/lib] ==> dir [/home/vincent/code/test_code/camport3_soc/toolchain/gcc-linaro-arm-linux-gnueabihf-4.7-2013.04-20130415_linux/bin/../arm-linux-gnueabihf/libc/lib]
    arg [-L/home/vincent/code/test_code/camport3_soc/toolchain/gcc-linaro-arm-linux-gnueabihf-4.7-2013.04-20130415_linux/bin/../arm-linux-gnueabihf/libc/lib/arm-linux-gnueabihf] ==> dir [/home/vincent/code/test_code/camport3_soc/toolchain/gcc-linaro-arm-linux-gnueabihf-4.7-2013.04-20130415_linux/bin/../arm-linux-gnueabihf/libc/lib/arm-linux-gnueabihf]
    arg [-L/home/vincent/code/test_code/camport3_soc/toolchain/gcc-linaro-arm-linux-gnueabihf-4.7-2013.04-20130415_linux/bin/../arm-linux-gnueabihf/libc/usr/lib] ==> dir [/home/vincent/code/test_code/camport3_soc/toolchain/gcc-linaro-arm-linux-gnueabihf-4.7-2013.04-20130415_linux/bin/../arm-linux-gnueabihf/libc/usr/lib]
    arg [-L/home/vincent/code/test_code/camport3_soc/toolchain/gcc-linaro-arm-linux-gnueabihf-4.7-2013.04-20130415_linux/bin/../arm-linux-gnueabihf/libc/usr/lib/arm-linux-gnueabihf] ==> dir [/home/vincent/code/test_code/camport3_soc/toolchain/gcc-linaro-arm-linux-gnueabihf-4.7-2013.04-20130415_linux/bin/../arm-linux-gnueabihf/libc/usr/lib/arm-linux-gnueabihf]
    arg [CMakeFiles/cmTryCompileExec3206684374.dir/CMakeCXXCompilerABI.cpp.o] ==> ignore
    arg [-lstdc++] ==> lib [stdc++]
    arg [-lm] ==> lib [m]
    arg [-lgcc_s] ==> lib [gcc_s]
    arg [-lgcc] ==> lib [gcc]
    arg [-lc] ==> lib [c]
    arg [-lgcc_s] ==> lib [gcc_s]
    arg [-lgcc] ==> lib [gcc]
    arg [/home/vincent/code/test_code/camport3_soc/toolchain/gcc-linaro-arm-linux-gnueabihf-4.7-2013.04-20130415_linux/bin/../lib/gcc/arm-linux-gnueabihf/4.7.3/crtend.o] ==> ignore
    arg [/home/vincent/code/test_code/camport3_soc/toolchain/gcc-linaro-arm-linux-gnueabihf-4.7-2013.04-20130415_linux/bin/../arm-linux-gnueabihf/libc/usr/lib/arm-linux-gnueabihf/crtn.o] ==> ignore
  remove lib [gcc_s]
  remove lib [gcc]
  remove lib [gcc_s]
  remove lib [gcc]
  collapse library dir [/home/vincent/code/test_code/camport3_soc/toolchain/gcc-linaro-arm-linux-gnueabihf-4.7-2013.04-20130415_linux/bin/../lib/gcc/arm-linux-gnueabihf/4.7.3] ==> [/home/vincent/code/test_code/camport3_soc/toolchain/gcc-linaro-arm-linux-gnueabihf-4.7-2013.04-20130415_linux/lib/gcc/arm-linux-gnueabihf/4.7.3]
  collapse library dir [/home/vincent/code/test_code/camport3_soc/toolchain/gcc-linaro-arm-linux-gnueabihf-4.7-2013.04-20130415_linux/bin/../lib/gcc] ==> [/home/vincent/code/test_code/camport3_soc/toolchain/gcc-linaro-arm-linux-gnueabihf-4.7-2013.04-20130415_linux/lib/gcc]
  collapse library dir [/home/vincent/code/test_code/camport3_soc/toolchain/gcc-linaro-arm-linux-gnueabihf-4.7-2013.04-20130415_linux/bin/../lib/gcc/arm-linux-gnueabihf] ==> [/home/vincent/code/test_code/camport3_soc/toolchain/gcc-linaro-arm-linux-gnueabihf-4.7-2013.04-20130415_linux/lib/gcc/arm-linux-gnueabihf]
  collapse library dir [/home/vincent/code/test_code/camport3_soc/toolchain/gcc-linaro-arm-linux-gnueabihf-4.7-2013.04-20130415_linux/bin/../lib/gcc/arm-linux-gnueabihf/4.7.3/../../../../arm-linux-gnueabihf/lib] ==> [/home/vincent/code/test_code/camport3_soc/toolchain/gcc-linaro-arm-linux-gnueabihf-4.7-2013.04-20130415_linux/arm-linux-gnueabihf/lib]
  collapse library dir [/home/vincent/code/test_code/camport3_soc/toolchain/gcc-linaro-arm-linux-gnueabihf-4.7-2013.04-20130415_linux/bin/../arm-linux-gnueabihf/libc/lib] ==> [/home/vincent/code/test_code/camport3_soc/toolchain/gcc-linaro-arm-linux-gnueabihf-4.7-2013.04-20130415_linux/arm-linux-gnueabihf/libc/lib]
  collapse library dir [/home/vincent/code/test_code/camport3_soc/toolchain/gcc-linaro-arm-linux-gnueabihf-4.7-2013.04-20130415_linux/bin/../arm-linux-gnueabihf/libc/lib/arm-linux-gnueabihf] ==> [/home/vincent/code/test_code/camport3_soc/toolchain/gcc-linaro-arm-linux-gnueabihf-4.7-2013.04-20130415_linux/arm-linux-gnueabihf/libc/lib/arm-linux-gnueabihf]
  collapse library dir [/home/vincent/code/test_code/camport3_soc/toolchain/gcc-linaro-arm-linux-gnueabihf-4.7-2013.04-20130415_linux/bin/../arm-linux-gnueabihf/libc/usr/lib] ==> [/home/vincent/code/test_code/camport3_soc/toolchain/gcc-linaro-arm-linux-gnueabihf-4.7-2013.04-20130415_linux/arm-linux-gnueabihf/libc/usr/lib]
  collapse library dir [/home/vincent/code/test_code/camport3_soc/toolchain/gcc-linaro-arm-linux-gnueabihf-4.7-2013.04-20130415_linux/bin/../arm-linux-gnueabihf/libc/usr/lib/arm-linux-gnueabihf] ==> [/home/vincent/code/test_code/camport3_soc/toolchain/gcc-linaro-arm-linux-gnueabihf-4.7-2013.04-20130415_linux/arm-linux-gnueabihf/libc/usr/lib/arm-linux-gnueabihf]
  implicit libs: [stdc++;m;c]
  implicit dirs: [/home/vincent/code/test_code/camport3_soc/toolchain/gcc-linaro-arm-linux-gnueabihf-4.7-2013.04-20130415_linux/lib/gcc/arm-linux-gnueabihf/4.7.3;/home/vincent/code/test_code/camport3_soc/toolchain/gcc-linaro-arm-linux-gnueabihf-4.7-2013.04-20130415_linux/lib/gcc;/home/vincent/code/test_code/camport3_soc/toolchain/gcc-linaro-arm-linux-gnueabihf-4.7-2013.04-20130415_linux/lib/gcc/arm-linux-gnueabihf;/home/vincent/code/test_code/camport3_soc/toolchain/gcc-linaro-arm-linux-gnueabihf-4.7-2013.04-20130415_linux/arm-linux-gnueabihf/lib;/home/vincent/code/test_code/camport3_soc/toolchain/gcc-linaro-arm-linux-gnueabihf-4.7-2013.04-20130415_linux/arm-linux-gnueabihf/libc/lib;/home/vincent/code/test_code/camport3_soc/toolchain/gcc-linaro-arm-linux-gnueabihf-4.7-2013.04-20130415_linux/arm-linux-gnueabihf/libc/lib/arm-linux-gnueabihf;/home/vincent/code/test_code/camport3_soc/toolchain/gcc-linaro-arm-linux-gnueabihf-4.7-2013.04-20130415_linux/arm-linux-gnueabihf/libc/usr/lib;/home/vincent/code/test_code/camport3_soc/toolchain/gcc-linaro-arm-linux-gnueabihf-4.7-2013.04-20130415_linux/arm-linux-gnueabihf/libc/usr/lib/arm-linux-gnueabihf]
  implicit fwks: []


